2014-10-23: [32m[2014-10-23 15:31:43.285] [INFO] console - [39m{"code":200,"msg":"æ“ä½œæˆåŠŸ"}
2014-10-23: [0mPOST /friends/request [32m200 [0m83.509 ms - 33[0m
2014-10-23: [32m[2014-10-23 15:31:43.444] [INFO] console - [39m{"code":200,"msg":"æ“ä½œæˆåŠŸ"}
2014-10-23: [0mPOST /friends/request [32m200 [0m104.903 ms - 33[0m
2014-10-23: [32m[2014-10-23 15:31:43.665] [INFO] console - [39m{"code":200,"msg":"æ“ä½œæˆåŠŸ"}
2014-10-23: [0mPOST /friends/request [32m200 [0m170.087 ms - 33[0m
2014-10-23: [32m[2014-10-23 15:31:43.867] [INFO] console - [39m{"code":200,"msg":"æ“ä½œæˆåŠŸ"}
2014-10-23: [0mPOST /friends/request [32m200 [0m149.817 ms - 33[0m
2014-10-23: [32m[2014-10-23 15:31:44.026] [INFO] console - [39m{"code":200,"msg":"æ“ä½œæˆåŠŸ"}
2014-10-23: [0mPOST /friends/request [32m200 [0m116.507 ms - 33[0m
2014-10-23: [32m[2014-10-23 15:31:44.186] [INFO] console - [39m{"code":200,"msg":"æ“ä½œæˆåŠŸ"}
2014-10-23: [0mPOST /friends/request [32m200 [0m107.843 ms - 33[0m
2014-10-23: [32m[2014-10-23 15:31:44.332] [INFO] console - [39m{"code":200,"msg":"æ“ä½œæˆåŠŸ"}
2014-10-23: [0mPOST /friends/request [32m200 [0m94.361 ms - 33[0m
2014-10-23: [32m[2014-10-23 15:31:44.537] [INFO] console - [39m{"code":200,"msg":"æ“ä½œæˆåŠŸ"}
2014-10-23: [0mPOST /friends/request [32m200 [0m153.989 ms - 33[0m
2014-10-23: [32m[2014-10-23 15:31:44.713] [INFO] console - [39m{"code":200,"msg":"æ“ä½œæˆåŠŸ"}
2014-10-23: [0mPOST /friends/request [32m200 [0m122.547 ms - 33[0m
2014-10-23: [32m[2014-10-23 15:31:44.903] [INFO] console - [39m{"code":200,"msg":"æ“ä½œæˆåŠŸ"}
2014-10-23: [0mPOST /friends/request [32m200 [0m141.910 ms - 33[0m
2014-10-23: [32m[2014-10-23 15:31:45.097] [INFO] console - [39m{"code":200,"msg":"æ“ä½œæˆåŠŸ"}
2014-10-23: [0mPOST /friends/request [32m200 [0m138.981 ms - 33[0m
2014-10-23: [32m[2014-10-23 15:31:45.280] [INFO] console - [39m{"code":200,"msg":"æ“ä½œæˆåŠŸ"}
2014-10-23: [0mPOST /friends/request [32m200 [0m130.272 ms - 33[0m
2014-10-23: [32m[2014-10-23 15:31:45.470] [INFO] console - [39m{"code":200,"msg":"æ“ä½œæˆåŠŸ"}
2014-10-23: [0mPOST /friends/request [32m200 [0m138.713 ms - 33[0m
2014-10-23: [32m[2014-10-23 15:31:45.643] [INFO] console - [39m{"code":200,"msg":"æ“ä½œæˆåŠŸ"}
2014-10-23: [0mPOST /friends/request [32m200 [0m117.550 ms - 33[0m
2014-10-23: [32m[2014-10-23 15:31:45.800] [INFO] console - [39m{"code":200,"msg":"æ“ä½œæˆåŠŸ"}
2014-10-23: [0mPOST /friends/request [32m200 [0m102.706 ms - 33[0m
2014-10-23: [32m[2014-10-23 15:31:45.956] [INFO] console - [39m{"code":200,"msg":"æ“ä½œæˆåŠŸ"}
2014-10-23: [0mPOST /friends/request [32m200 [0m103.798 ms - 33[0m
2014-10-23: [32m[2014-10-23 15:31:46.121] [INFO] console - [39m{"code":200,"msg":"æ“ä½œæˆåŠŸ"}
2014-10-23: [0mPOST /friends/request [32m200 [0m111.632 ms - 33[0m
2014-10-23: [31m[2014-10-23 15:52:25.025] [ERROR] console - [39mjs-bson: Failed to load c++ bson extension, using pure JS version
2014-10-23: [32m[2014-10-23 15:52:25.583] [INFO] normal - [39mSMTP Configured
2014-10-23: [32m[2014-10-23 15:52:25.807] [INFO] normal - [39mExpress server listening on port 3000
2014-10-23: [32m[2014-10-23 15:52:25.842] [INFO] normal - [39mmongodbå·²è¿æ¥
2014-10-23: [0mGET /javascripts/sha256.js [36m304 [0m41.547 ms - -[0m
2014-10-23: [0mGET /javascripts/sha256.js [36m304 [0m4.512 ms - -[0m
2014-10-23: [0mGET /favicon.ico [36m304 [0m5.996 ms - -[0m
2014-10-23: [0mGET /test/test [36m304 [0m7.578 ms - -[0m
2014-10-23: [0mGET /javascripts/jquery.js [36m304 [0m4.677 ms - -[0m
2014-10-23: [0mGET /javascripts/test.js [36m304 [0m10.712 ms - -[0m
