2014-10-23: [32m[2014-10-23 15:30:49.939] [INFO] console - [39m{"code":200,"msg":"操作成功"}
2014-10-23: [0mPOST /friends/request [32m200 [0m69.661 ms - 33[0m
2014-10-23: [32m[2014-10-23 15:30:51.123] [INFO] console - [39m{"code":200,"msg":"操作成功"}
2014-10-23: [0mPOST /friends/request [32m200 [0m33.293 ms - 33[0m
2014-10-23: [32m[2014-10-23 15:30:51.862] [INFO] console - [39m{"code":200,"msg":"操作成功"}
2014-10-23: [0mPOST /friends/request [32m200 [0m29.469 ms - 33[0m
2014-10-23: [32m[2014-10-23 15:31:39.842] [INFO] console - [39m{"code":200,"msg":"操作成功"}
2014-10-23: [0mPOST /friends/request [32m200 [0m31.615 ms - 33[0m
2014-10-23: [32m[2014-10-23 15:31:39.927] [INFO] console - [39m{"code":200,"msg":"操作成功"}
2014-10-23: [0mPOST /friends/request [32m200 [0m20.012 ms - 33[0m
2014-10-23: [32m[2014-10-23 15:31:40.006] [INFO] console - [39m{"code":200,"msg":"操作成功"}
2014-10-23: [0mPOST /friends/request [32m200 [0m17.019 ms - 33[0m
2014-10-23: [32m[2014-10-23 15:31:40.088] [INFO] console - [39m{"code":200,"msg":"操作成功"}
2014-10-23: [0mPOST /friends/request [32m200 [0m16.964 ms - 33[0m
2014-10-23: [32m[2014-10-23 15:31:40.179] [INFO] console - [39m{"code":200,"msg":"操作成功"}
2014-10-23: [0mPOST /friends/request [32m200 [0m18.300 ms - 33[0m
2014-10-23: [32m[2014-10-23 15:31:40.260] [INFO] console - [39m{"code":200,"msg":"操作成功"}
2014-10-23: [0mPOST /friends/request [32m200 [0m15.381 ms - 33[0m
2014-10-23: [32m[2014-10-23 15:31:40.342] [INFO] console - [39m{"code":200,"msg":"操作成功"}
2014-10-23: [0mPOST /friends/request [32m200 [0m17.867 ms - 33[0m
2014-10-23: [32m[2014-10-23 15:31:40.424] [INFO] console - [39m{"code":200,"msg":"操作成功"}
2014-10-23: [0mPOST /friends/request [32m200 [0m21.423 ms - 33[0m
2014-10-23: [32m[2014-10-23 15:31:40.507] [INFO] console - [39m{"code":200,"msg":"操作成功"}
2014-10-23: [0mPOST /friends/request [32m200 [0m21.396 ms - 33[0m
2014-10-23: [32m[2014-10-23 15:31:40.585] [INFO] console - [39m{"code":200,"msg":"操作成功"}
2014-10-23: [0mPOST /friends/request [32m200 [0m16.941 ms - 33[0m
2014-10-23: [32m[2014-10-23 15:31:43.247] [INFO] console - [39m{"code":200,"msg":"操作成功"}
2014-10-23: [0mPOST /friends/request [32m200 [0m55.200 ms - 33[0m
2014-10-23: [32m[2014-10-23 15:31:43.433] [INFO] console - [39m{"code":200,"msg":"操作成功"}
2014-10-23: [0mPOST /friends/request [32m200 [0m131.077 ms - 33[0m
2014-10-23: [32m[2014-10-23 15:31:43.649] [INFO] console - [39m{"code":200,"msg":"操作成功"}
2014-10-23: [0mPOST /friends/request [32m200 [0m164.253 ms - 33[0m
2014-10-23: [32m[2014-10-23 15:31:43.826] [INFO] console - [39m{"code":200,"msg":"操作成功"}
2014-10-23: [0mPOST /friends/request [32m200 [0m122.688 ms - 33[0m
2014-10-23: [32m[2014-10-23 15:31:43.969] [INFO] console - [39m{"code":200,"msg":"操作成功"}
2014-10-23: [0mPOST /friends/request [32m200 [0m90.377 ms - 33[0m
2014-10-23: [32m[2014-10-23 15:31:44.119] [INFO] console - [39m{"code":200,"msg":"操作成功"}
2014-10-23: [0mPOST /friends/request [32m200 [0m97.862 ms - 33[0m
2014-10-23: [32m[2014-10-23 15:31:44.290] [INFO] console - [39m{"code":200,"msg":"操作成功"}
2014-10-23: [0mPOST /friends/request [32m200 [0m116.059 ms - 33[0m
2014-10-23: [32m[2014-10-23 15:31:44.469] [INFO] console - [39m{"code":200,"msg":"操作成功"}
2014-10-23: [0mPOST /friends/request [32m200 [0m126.234 ms - 33[0m
2014-10-23: [32m[2014-10-23 15:31:44.642] [INFO] console - [39m{"code":200,"msg":"操作成功"}
2014-10-23: [0mPOST /friends/request [32m200 [0m120.343 ms - 33[0m
2014-10-23: [32m[2014-10-23 15:31:44.818] [INFO] console - [39m{"code":200,"msg":"操作成功"}
2014-10-23: [0mPOST /friends/request [32m200 [0m122.962 ms - 33[0m
2014-10-23: [32m[2014-10-23 15:31:44.961] [INFO] console - [39m{"code":200,"msg":"操作成功"}
2014-10-23: [0mPOST /friends/request [32m200 [0m92.505 ms - 33[0m
2014-10-23: [32m[2014-10-23 15:31:45.146] [INFO] console - [39m{"code":200,"msg":"操作成功"}
2014-10-23: [0mPOST /friends/request [32m200 [0m131.705 ms - 33[0m
2014-10-23: [32m[2014-10-23 15:31:45.340] [INFO] console - [39m{"code":200,"msg":"操作成功"}
2014-10-23: [0mPOST /friends/request [32m200 [0m142.061 ms - 33[0m
2014-10-23: [32m[2014-10-23 15:31:45.541] [INFO] console - [39m{"code":200,"msg":"操作成功"}
2014-10-23: [0mPOST /friends/request [32m200 [0m147.659 ms - 33[0m
2014-10-23: [32m[2014-10-23 15:31:45.731] [INFO] console - [39m{"code":200,"msg":"操作成功"}
2014-10-23: [0mPOST /friends/request [32m200 [0m137.592 ms - 33[0m
2014-10-23: [32m[2014-10-23 15:31:45.881] [INFO] console - [39m{"code":200,"msg":"操作成功"}
2014-10-23: [0mPOST /friends/request [32m200 [0m98.375 ms - 33[0m
2014-10-23: [32m[2014-10-23 15:31:46.055] [INFO] console - [39m{"code":200,"msg":"操作成功"}
2014-10-23: [0mPOST /friends/request [32m200 [0m122.047 ms - 33[0m
2014-10-23: [32m[2014-10-23 15:31:46.204] [INFO] console - [39m{"code":200,"msg":"操作成功"}
2014-10-23: [0mPOST /friends/request [32m200 [0m96.792 ms - 33[0m
2014-10-23: [0mGET /test/test [32m200 [0m4.556 ms - 3148[0m
2014-10-23: [0mGET /javascripts/jquery.js [36m304 [0m10.751 ms - -[0m
2014-10-23: [0mGET /javascripts/sha256.js [36m304 [0m10.158 ms - -[0m
2014-10-23: [0mGET /javascripts/test.js [32m200 [0m16.553 ms - 13218[0m
2014-10-23: [0mGET /favicon.ico [36m304 [0m4.049 ms - -[0m
2014-10-23: [0mGET /test/test [36m304 [0m5.703 ms - -[0m
2014-10-23: [0mGET /javascripts/jquery.js [36m304 [0m6.397 ms - -[0m
2014-10-23: [0mGET /javascripts/sha256.js [36m304 [0m23.068 ms - -[0m
2014-10-23: [0mGET /javascripts/test.js [36m304 [0m22.366 ms - -[0m
2014-10-23: [0mGET /favicon.ico [36m304 [0m2.774 ms - -[0m
2014-10-23: [0mGET /test/test [36m304 [0m2.377 ms - -[0m
2014-10-23: [0mGET /javascripts/jquery.js [36m304 [0m4.367 ms - -[0m
2014-10-23: [0mGET /javascripts/sha256.js [36m304 [0m5.326 ms - -[0m
2014-10-23: [0mGET /javascripts/test.js [36m304 [0m4.844 ms - -[0m
2014-10-23: [0mGET /favicon.ico [36m304 [0m3.002 ms - -[0m
2014-10-23: [0mGET /test/test [36m304 [0m1.850 ms - -[0m
2014-10-23: [0mGET /javascripts/jquery.js [36m304 [0m4.249 ms - -[0m
2014-10-23: [0mGET /javascripts/sha256.js [36m304 [0m5.567 ms - -[0m
2014-10-23: [0mGET /javascripts/test.js [36m304 [0m32.166 ms - -[0m
2014-10-23: [0mGET /favicon.ico [36m304 [0m3.276 ms - -[0m
2014-10-23: [0mGET /test/test [36m304 [0m3.003 ms - -[0m
2014-10-23: [0mGET /javascripts/jquery.js [36m304 [0m4.720 ms - -[0m
2014-10-23: [0mGET /javascripts/sha256.js [36m304 [0m4.858 ms - -[0m
2014-10-23: [0mGET /javascripts/test.js [36m304 [0m5.117 ms - -[0m
2014-10-23: [0mGET /favicon.ico [36m304 [0m2.891 ms - -[0m
2014-10-23: [0mGET /test/test [36m304 [0m2.474 ms - -[0m
2014-10-23: [0mGET /javascripts/jquery.js [36m304 [0m6.779 ms - -[0m
2014-10-23: [0mGET /javascripts/sha256.js [36m304 [0m6.371 ms - -[0m
2014-10-23: [0mGET /javascripts/test.js [36m304 [0m6.498 ms - -[0m
2014-10-23: [0mGET /favicon.ico [36m304 [0m3.371 ms - -[0m
2014-10-23: [0mGET /test/test [36m304 [0m2.247 ms - -[0m
2014-10-23: [0mGET /javascripts/jquery.js [36m304 [0m7.081 ms - -[0m
2014-10-23: [0mGET /javascripts/sha256.js [36m304 [0m6.222 ms - -[0m
2014-10-23: [0mGET /javascripts/test.js [36m304 [0m5.066 ms - -[0m
2014-10-23: [0mGET /favicon.ico [36m304 [0m2.197 ms - -[0m
2014-10-23: [0mGET /test/test [36m304 [0m1.940 ms - -[0m
2014-10-23: [0mGET /javascripts/jquery.js [36m304 [0m1.859 ms - -[0m
2014-10-23: [0mGET /javascripts/sha256.js [36m304 [0m4.731 ms - -[0m
2014-10-23: [0mGET /javascripts/test.js [36m304 [0m4.105 ms - -[0m
2014-10-23: [0mGET /favicon.ico [36m304 [0m2.633 ms - -[0m
2014-10-23: [0mGET /test/test [36m304 [0m2.401 ms - -[0m
2014-10-23: [0mGET /javascripts/jquery.js [36m304 [0m5.051 ms - -[0m
2014-10-23: [0mGET /javascripts/sha256.js [36m304 [0m4.185 ms - -[0m
2014-10-23: [0mGET /javascripts/test.js [36m304 [0m3.682 ms - -[0m
2014-10-23: [0mGET /favicon.ico [36m304 [0m3.216 ms - -[0m
2014-10-23: [0mGET /test/test [32m200 [0m3.996 ms - 3148[0m
2014-10-23: [0mGET /javascripts/sha256.js [32m200 [0m25.496 ms - 11324[0m
2014-10-23: [0mGET /javascripts/jquery.js [32m200 [0m28.468 ms - 93436[0m
2014-10-23: [0mGET /javascripts/test.js [32m200 [0m25.534 ms - 13218[0m
2014-10-23: [0mGET /favicon.ico [36m304 [0m2.493 ms - -[0m
2014-10-23: [0mGET /test/test [32m200 [0m2.363 ms - 3148[0m
2014-10-23: [0mGET /javascripts/sha256.js [32m200 [0m10.690 ms - 11324[0m
2014-10-23: [0mGET /javascripts/jquery.js [32m200 [0m11.961 ms - 93436[0m
2014-10-23: [0mGET /javascripts/test.js [32m200 [0m10.032 ms - 13218[0m
2014-10-23: [0mGET /favicon.ico [36m304 [0m2.774 ms - -[0m
2014-10-23: [0mGET /test/test [32m200 [0m3.557 ms - 3148[0m
2014-10-23: [0mGET /javascripts/jquery.js [32m200 [0m12.215 ms - 93436[0m
2014-10-23: [0mGET /javascripts/sha256.js [32m200 [0m12.144 ms - 11324[0m
2014-10-23: [0mGET /javascripts/test.js [32m200 [0m11.211 ms - 13218[0m
2014-10-23: [0mGET /favicon.ico [36m304 [0m2.957 ms - -[0m
2014-10-23: [0mGET /test/test [32m200 [0m3.217 ms - 3148[0m
2014-10-23: [0mGET /javascripts/jquery.js [32m200 [0m17.153 ms - 93436[0m
2014-10-23: [0mGET /javascripts/sha256.js [32m200 [0m16.444 ms - 11324[0m
2014-10-23: [0mGET /javascripts/test.js [32m200 [0m14.513 ms - 13218[0m
2014-10-23: [0mGET /favicon.ico [36m304 [0m4.871 ms - -[0m
2014-10-23: [0mGET /test/test [32m200 [0m4.023 ms - 3148[0m
2014-10-23: [0mGET /javascripts/jquery.js [32m200 [0m9.017 ms - 93436[0m
2014-10-23: [0mGET /javascripts/sha256.js [32m200 [0m7.660 ms - 11324[0m
2014-10-23: [0mGET /javascripts/test.js [32m200 [0m8.472 ms - 13218[0m
2014-10-23: [0mGET /favicon.ico [36m304 [0m2.452 ms - -[0m
2014-10-23: [0mGET /test/test [32m200 [0m2.660 ms - 3148[0m
2014-10-23: [0mGET /javascripts/sha256.js [32m200 [0m9.131 ms - 11324[0m
2014-10-23: [0mGET /javascripts/jquery.js [32m200 [0m10.824 ms - 93436[0m
2014-10-23: [0mGET /javascripts/test.js [32m200 [0m9.877 ms - 13218[0m
2014-10-23: [0mGET /favicon.ico [36m304 [0m3.067 ms - -[0m
2014-10-23: [0mGET /test/test [32m200 [0m3.677 ms - 3148[0m
2014-10-23: [0mGET /javascripts/jquery.js [32m200 [0m20.900 ms - 93436[0m
2014-10-23: [0mGET /javascripts/sha256.js [32m200 [0m20.902 ms - 11324[0m
2014-10-23: [0mGET /javascripts/test.js [32m200 [0m20.956 ms - 13218[0m
2014-10-23: [0mGET /favicon.ico [36m304 [0m4.025 ms - -[0m
2014-10-23: [0mGET /test/test [32m200 [0m3.444 ms - 3148[0m
2014-10-23: [0mGET /javascripts/sha256.js [32m200 [0m10.538 ms - 11324[0m
2014-10-23: [0mGET /javascripts/jquery.js [32m200 [0m11.477 ms - 93436[0m
2014-10-23: [0mGET /javascripts/test.js [32m200 [0m10.843 ms - 13218[0m
2014-10-23: [0mGET /favicon.ico [36m304 [0m2.348 ms - -[0m
2014-10-23: [0mGET /test/test [32m200 [0m4.521 ms - 3148[0m
2014-10-23: [0mGET /javascripts/sha256.js [32m200 [0m7.528 ms - 11324[0m
2014-10-23: [0mGET /javascripts/jquery.js [32m200 [0m8.846 ms - 93436[0m
2014-10-23: [0mGET /javascripts/test.js [32m200 [0m8.093 ms - 13218[0m
2014-10-23: [0mGET /favicon.ico [36m304 [0m1.906 ms - -[0m
2014-10-23: [0mGET /test/test [32m200 [0m3.208 ms - 3148[0m
2014-10-23: [0mGET /javascripts/sha256.js [32m200 [0m9.659 ms - 11324[0m
2014-10-23: [0mGET /javascripts/jquery.js [32m200 [0m11.663 ms - 93436[0m
2014-10-23: [0mGET /javascripts/test.js [32m200 [0m11.982 ms - 13218[0m
2014-10-23: [0mGET /favicon.ico [36m304 [0m3.614 ms - -[0m
2014-10-23: [0mGET /test/test [32m200 [0m11.317 ms - 3148[0m
2014-10-23: [0mGET /javascripts/sha256.js [32m200 [0m23.860 ms - 11324[0m
2014-10-23: [0mGET /javascripts/jquery.js [32m200 [0m40.982 ms - 93436[0m
2014-10-23: [0mGET /javascripts/test.js [32m200 [0m14.845 ms - 13218[0m
2014-10-23: [0mGET /favicon.ico [36m304 [0m3.800 ms - -[0m
2014-10-23: [0mGET /test/test [32m200 [0m2.017 ms - 3148[0m
2014-10-23: [0mGET /javascripts/sha256.js [32m200 [0m12.511 ms - 11324[0m
2014-10-23: [0mGET /javascripts/jquery.js [32m200 [0m13.367 ms - 93436[0m
2014-10-23: [0mGET /javascripts/test.js [32m200 [0m11.989 ms - 13218[0m
2014-10-23: [0mGET /favicon.ico [36m304 [0m3.115 ms - -[0m
2014-10-23: [0mGET /test/test [32m200 [0m3.073 ms - 3148[0m
2014-10-23: [0mGET /javascripts/sha256.js [32m200 [0m8.553 ms - 11324[0m
2014-10-23: [0mGET /javascripts/jquery.js [32m200 [0m9.446 ms - 93436[0m
2014-10-23: [0mGET /javascripts/test.js [32m200 [0m7.830 ms - 13218[0m
2014-10-23: [0mGET /test/test [32m200 [0m2.752 ms - 3148[0m
2014-10-23: [0mGET /javascripts/sha256.js [32m200 [0m6.119 ms - 11324[0m
2014-10-23: [0mGET /javascripts/jquery.js [32m200 [0m7.184 ms - 93436[0m
2014-10-23: [0mGET /javascripts/test.js [32m200 [0m6.396 ms - 13218[0m
2014-10-23: [0mGET /favicon.ico [36m304 [0m2.767 ms - -[0m
2014-10-23: [0mGET /test/test [32m200 [0m3.287 ms - 3148[0m
2014-10-23: [0mGET /javascripts/sha256.js [32m200 [0m10.525 ms - 11324[0m
2014-10-23: [0mGET /javascripts/jquery.js [32m200 [0m11.583 ms - 93436[0m
2014-10-23: [0mGET /javascripts/test.js [32m200 [0m9.524 ms - 13218[0m
2014-10-23: [0mGET /favicon.ico [36m304 [0m2.526 ms - -[0m
2014-10-23: [0mGET /test/test [32m200 [0m2.878 ms - 3148[0m
2014-10-23: [0mGET /javascripts/sha256.js [32m200 [0m6.707 ms - 11324[0m
2014-10-23: [0mGET /javascripts/jquery.js [32m200 [0m7.736 ms - 93436[0m
2014-10-23: [0mGET /javascripts/test.js [32m200 [0m6.524 ms - 13218[0m
2014-10-23: [0mGET /favicon.ico [36m304 [0m2.678 ms - -[0m
2014-10-23: [0mGET /test/test [32m200 [0m4.050 ms - 3148[0m
2014-10-23: [0mGET /javascripts/sha256.js [32m200 [0m5.964 ms - 11324[0m
2014-10-23: [0mGET /javascripts/jquery.js [32m200 [0m8.470 ms - 93436[0m
2014-10-23: [0mGET /javascripts/test.js [32m200 [0m5.846 ms - 13218[0m
2014-10-23: [0mGET /favicon.ico [36m304 [0m4.939 ms - -[0m
2014-10-23: [0mGET /test/test [32m200 [0m6.342 ms - 3148[0m
2014-10-23: [0mGET /javascripts/jquery.js [32m200 [0m10.199 ms - 93436[0m
2014-10-23: [0mGET /javascripts/sha256.js [32m200 [0m9.177 ms - 11324[0m
2014-10-23: [0mGET /javascripts/test.js [32m200 [0m9.976 ms - 13218[0m
2014-10-23: [0mGET /test/test [32m200 [0m2.679 ms - 3148[0m
2014-10-23: [0mGET /test/test [32m200 [0m3.539 ms - 3148[0m
2014-10-23: [0mGET /javascripts/jquery.js [32m200 [0m7.497 ms - 93436[0m
2014-10-23: [0mGET /javascripts/sha256.js [32m200 [0m5.926 ms - 11324[0m
2014-10-23: [0mGET /javascripts/test.js [32m200 [0m5.991 ms - 13218[0m
2014-10-23: [0mGET /javascripts/sha256.js [32m200 [0m10.182 ms - 11324[0m
2014-10-23: [0mGET /javascripts/jquery.js [32m200 [0m11.316 ms - 93436[0m
2014-10-23: [0mGET /javascripts/test.js [32m200 [0m9.916 ms - 13218[0m
2014-10-23: [0mGET /test/test [32m200 [0m2.199 ms - 3148[0m
2014-10-23: [0mGET /javascripts/sha256.js [32m200 [0m10.176 ms - 11324[0m
2014-10-23: [0mGET /javascripts/jquery.js [32m200 [0m11.720 ms - 93436[0m
2014-10-23: [0mGET /javascripts/test.js [32m200 [0m11.525 ms - 13218[0m
2014-10-23: [0mGET /test/test [32m200 [0m2.562 ms - 3148[0m
2014-10-23: [0mGET /test/test [32m- [0m- ms - -[0m
2014-10-23: [0mGET /test/test [32m200 [0m4.238 ms - 3148[0m
2014-10-23: [0mGET /javascripts/jquery.js [32m200 [0m7.842 ms - 93436[0m
2014-10-23: [0mGET /javascripts/sha256.js [32m200 [0m8.308 ms - 11324[0m
2014-10-23: [0mGET /javascripts/test.js [32m200 [0m7.830 ms - 13218[0m
2014-10-23: [0mGET /test/test [32m200 [0m2.168 ms - 3148[0m
2014-10-23: [0mGET /test/test [32m200 [0m3.281 ms - 3148[0m
2014-10-23: [0mGET /test/test [32m200 [0m3.067 ms - 3148[0m
2014-10-23: [0mGET /test/test [32m200 [0m4.306 ms - 3148[0m
2014-10-23: [0mGET /javascripts/sha256.js [32m200 [0m13.714 ms - 11324[0m
2014-10-23: [0mGET /javascripts/jquery.js [32m200 [0m16.632 ms - 93436[0m
2014-10-23: [0mGET /javascripts/test.js [32m200 [0m13.973 ms - 13218[0m
2014-10-23: [0mGET /test/test [32m200 [0m6.959 ms - 3148[0m
2014-10-23: [0mGET /favicon.ico [36m304 [0m6.497 ms - -[0m
2014-10-23: [0mGET /javascripts/jquery.js [32m200 [0m6.704 ms - 93436[0m
2014-10-23: [0mGET /test/test [32m200 [0m4.799 ms - 3148[0m
2014-10-23: [0mGET /test/test [32m200 [0m7.312 ms - 3148[0m
2014-10-23: [0mGET /favicon.ico [36m304 [0m6.515 ms - -[0m
2014-10-23: [0mGET /javascripts/jquery.js [32m200 [0m4.018 ms - 93436[0m
2014-10-23: [0mGET /test/test [32m200 [0m2.266 ms - 3148[0m
2014-10-23: [0mGET /favicon.ico [36m304 [0m3.327 ms - -[0m
2014-10-23: [0mGET /javascripts/jquery.js [32m200 [0m40.461 ms - 93436[0m
2014-10-23: [0mGET /test/test [32m200 [0m2.469 ms - 3148[0m
2014-10-23: [0mGET /favicon.ico [36m304 [0m2.991 ms - -[0m
2014-10-23: [0mGET /test/test [32m200 [0m2.424 ms - 3148[0m
2014-10-23: [0mGET /javascripts/jquery.js [32m200 [0m4.513 ms - 93436[0m
2014-10-23: [0mGET /test/test [32m200 [0m4.314 ms - 3148[0m
2014-10-23: [0mGET /test/test [32m200 [0m3.317 ms - 3148[0m
2014-10-23: [0mGET /javascripts/jquery.js [32m200 [0m6.621 ms - 93436[0m
2014-10-23: [0mGET /test/test [32m200 [0m3.991 ms - 3148[0m
2014-10-23: [0mGET /test/test [32m200 [0m2.612 ms - 3148[0m
2014-10-23: [0mGET /favicon.ico [36m304 [0m1.833 ms - -[0m
2014-10-23: [0mGET /javascripts/jquery.js [32m200 [0m6.217 ms - 93436[0m
2014-10-23: [0mGET /favicon.ico [36m304 [0m1.953 ms - -[0m
2014-10-23: [0mGET /test/test [36m304 [0m2.671 ms - -[0m
2014-10-23: [0mGET /javascripts/sha256.js [32m200 [0m12.723 ms - 11324[0m
2014-10-23: [0mGET /javascripts/jquery.js [32m200 [0m17.805 ms - 93436[0m
2014-10-23: [0mGET /javascripts/test.js [32m200 [0m16.076 ms - 13218[0m
2014-10-23: [0mGET /favicon.ico [36m304 [0m11.928 ms - -[0m
2014-10-23: [0mGET /test/test [36m304 [0m2.985 ms - -[0m
2014-10-23: [0mGET /javascripts/jquery.js [36m304 [0m4.826 ms - -[0m
2014-10-23: [0mGET /javascripts/sha256.js [36m304 [0m5.698 ms - -[0m
2014-10-23: [0mGET /javascripts/test.js [36m304 [0m5.247 ms - -[0m
2014-10-23: [0mGET /favicon.ico [36m304 [0m1.405 ms - -[0m
2014-10-23: [0mGET /test/test [36m304 [0m1.872 ms - -[0m
2014-10-23: [0mGET /javascripts/jquery.js [36m304 [0m4.973 ms - -[0m
2014-10-23: [0mGET /javascripts/sha256.js [36m304 [0m4.877 ms - -[0m
2014-10-23: [0mGET /javascripts/test.js [36m304 [0m3.789 ms - -[0m
2014-10-23: [0mGET /favicon.ico [36m304 [0m2.265 ms - -[0m
2014-10-23: [0mGET /test/test [36m304 [0m2.548 ms - -[0m
2014-10-23: [0mGET /javascripts/jquery.js [36m304 [0m3.809 ms - -[0m
2014-10-23: [0mGET /javascripts/sha256.js [36m304 [0m5.173 ms - -[0m
2014-10-23: [0mGET /javascripts/test.js [36m304 [0m4.229 ms - -[0m
2014-10-23: [0mGET /favicon.ico [36m304 [0m4.915 ms - -[0m
2014-10-23: [0mGET /test/test [36m304 [0m2.245 ms - -[0m
2014-10-23: [0mGET /javascripts/jquery.js [36m304 [0m3.908 ms - -[0m
2014-10-23: [0mGET /javascripts/sha256.js [36m304 [0m4.550 ms - -[0m
2014-10-23: [0mGET /javascripts/test.js [36m304 [0m3.826 ms - -[0m
2014-10-23: [0mGET /favicon.ico [36m304 [0m2.737 ms - -[0m
2014-10-23: [0mGET /test/test [36m304 [0m1.898 ms - -[0m
2014-10-23: [0mGET /javascripts/jquery.js [36m304 [0m3.660 ms - -[0m
2014-10-23: [0mGET /javascripts/sha256.js [36m304 [0m12.026 ms - -[0m
2014-10-23: [0mGET /javascripts/test.js [36m304 [0m11.141 ms - -[0m
2014-10-23: [0mGET /favicon.ico [36m304 [0m2.149 ms - -[0m
2014-10-23: [0mGET /test/test [36m304 [0m2.099 ms - -[0m
2014-10-23: [0mGET /javascripts/jquery.js [36m304 [0m4.817 ms - -[0m
2014-10-23: [0mGET /javascripts/sha256.js [36m304 [0m8.007 ms - -[0m
2014-10-23: [0mGET /javascripts/test.js [36m304 [0m6.481 ms - -[0m
2014-10-23: [0mGET /favicon.ico [36m304 [0m3.006 ms - -[0m
2014-10-23: [0mGET /test/test [36m304 [0m3.165 ms - -[0m
2014-10-23: [0mGET /javascripts/jquery.js [36m304 [0m3.598 ms - -[0m
2014-10-23: [0mGET /javascripts/sha256.js [36m304 [0m3.485 ms - -[0m
2014-10-23: [0mGET /javascripts/test.js [36m304 [0m4.935 ms - -[0m
2014-10-23: [0mGET /favicon.ico [36m304 [0m2.085 ms - -[0m
2014-10-23: [0mGET /test/test [36m304 [0m2.240 ms - -[0m
2014-10-23: [0mGET /javascripts/jquery.js [36m304 [0m4.634 ms - -[0m
2014-10-23: [0mGET /javascripts/sha256.js [36m304 [0m4.921 ms - -[0m
2014-10-23: [0mGET /javascripts/test.js [36m304 [0m3.866 ms - -[0m
2014-10-23: [0mGET /favicon.ico [36m304 [0m4.106 ms - -[0m
2014-10-23: [0mGET /test/test [36m304 [0m1.952 ms - -[0m
2014-10-23: [0mGET /javascripts/jquery.js [36m304 [0m6.437 ms - -[0m
2014-10-23: [0mGET /javascripts/sha256.js [36m304 [0m7.296 ms - -[0m
2014-10-23: [0mGET /javascripts/test.js [36m304 [0m3.600 ms - -[0m
2014-10-23: [0mGET /favicon.ico [36m304 [0m3.144 ms - -[0m
2014-10-23: [0mGET /test/test [36m304 [0m1.657 ms - -[0m
2014-10-23: [0mGET /javascripts/jquery.js [36m304 [0m2.550 ms - -[0m
2014-10-23: [0mGET /javascripts/sha256.js [36m304 [0m3.120 ms - -[0m
2014-10-23: [0mGET /javascripts/test.js [36m304 [0m2.516 ms - -[0m
2014-10-23: [0mGET /favicon.ico [36m304 [0m4.529 ms - -[0m
2014-10-23: [0mGET /test/test [36m304 [0m2.355 ms - -[0m
2014-10-23: [0mGET /javascripts/jquery.js [36m304 [0m3.633 ms - -[0m
2014-10-23: [0mGET /javascripts/sha256.js [36m304 [0m4.221 ms - -[0m
2014-10-23: [0mGET /javascripts/test.js [36m304 [0m2.748 ms - -[0m
2014-10-23: [0mGET /favicon.ico [36m304 [0m2.625 ms - -[0m
2014-10-23: [0mGET /test/test [36m304 [0m2.092 ms - -[0m
2014-10-23: [0mGET /javascripts/jquery.js [36m304 [0m3.443 ms - -[0m
2014-10-23: [0mGET /javascripts/sha256.js [36m304 [0m3.492 ms - -[0m
2014-10-23: [0mGET /javascripts/test.js [36m304 [0m3.287 ms - -[0m
2014-10-23: [0mGET /favicon.ico [36m304 [0m3.385 ms - -[0m
2014-10-23: [0mGET /test/test [36m304 [0m1.852 ms - -[0m
2014-10-23: [0mGET /javascripts/jquery.js [36m304 [0m3.823 ms - -[0m
2014-10-23: [0mGET /javascripts/sha256.js [36m304 [0m32.208 ms - -[0m
2014-10-23: [0mGET /javascripts/test.js [36m304 [0m31.694 ms - -[0m
2014-10-23: [0mGET /favicon.ico [36m304 [0m1.942 ms - -[0m
2014-10-23: [0mGET /test/test [36m304 [0m2.751 ms - -[0m
2014-10-23: [0mGET /javascripts/jquery.js [36m304 [0m3.343 ms - -[0m
2014-10-23: [0mGET /javascripts/sha256.js [36m304 [0m3.928 ms - -[0m
2014-10-23: [0mGET /javascripts/test.js [36m304 [0m3.731 ms - -[0m
2014-10-23: [0mGET /favicon.ico [36m304 [0m2.222 ms - -[0m
2014-10-23: [0mGET /test/test [36m304 [0m2.127 ms - -[0m
2014-10-23: [0mGET /javascripts/jquery.js [36m304 [0m3.373 ms - -[0m
2014-10-23: [0mGET /javascripts/sha256.js [36m304 [0m5.282 ms - -[0m
2014-10-23: [0mGET /javascripts/test.js [36m304 [0m5.147 ms - -[0m
2014-10-23: [0mGET /favicon.ico [36m304 [0m2.728 ms - -[0m
2014-10-23: [0mGET /test/test [36m304 [0m1.969 ms - -[0m
2014-10-23: [0mGET /javascripts/jquery.js [36m304 [0m5.135 ms - -[0m
2014-10-23: [0mGET /javascripts/sha256.js [36m304 [0m5.092 ms - -[0m
2014-10-23: [0mGET /javascripts/test.js [36m304 [0m5.104 ms - -[0m
2014-10-23: [0mGET /favicon.ico [36m304 [0m2.434 ms - -[0m
2014-10-23: [0mGET /test/test [36m304 [0m1.926 ms - -[0m
2014-10-23: [0mGET /javascripts/jquery.js [36m304 [0m4.195 ms - -[0m
2014-10-23: [0mGET /javascripts/sha256.js [36m304 [0m4.160 ms - -[0m
2014-10-23: [0mGET /javascripts/test.js [36m304 [0m3.945 ms - -[0m
2014-10-23: [0mGET /favicon.ico [36m304 [0m2.522 ms - -[0m
2014-10-23: [0mGET /test/test [36m304 [0m2.391 ms - -[0m
2014-10-23: [0mGET /javascripts/jquery.js [36m304 [0m5.289 ms - -[0m
2014-10-23: [0mGET /javascripts/sha256.js [36m304 [0m5.220 ms - -[0m
2014-10-23: [0mGET /javascripts/test.js [36m304 [0m5.022 ms - -[0m
2014-10-23: [0mGET /favicon.ico [36m304 [0m3.745 ms - -[0m
2014-10-23: [0mGET /test/test [36m304 [0m2.085 ms - -[0m
2014-10-23: [0mGET /javascripts/jquery.js [36m304 [0m5.385 ms - -[0m
2014-10-23: [0mGET /javascripts/sha256.js [36m304 [0m6.093 ms - -[0m
2014-10-23: [0mGET /javascripts/test.js [36m304 [0m5.267 ms - -[0m
2014-10-23: [0mGET /favicon.ico [36m304 [0m2.834 ms - -[0m
2014-10-23: [0mGET /test/test [36m304 [0m2.052 ms - -[0m
2014-10-23: [0mGET /javascripts/jquery.js [36m304 [0m2.394 ms - -[0m
2014-10-23: [0mGET /javascripts/sha256.js [36m304 [0m3.662 ms - -[0m
2014-10-23: [0mGET /javascripts/test.js [36m304 [0m2.309 ms - -[0m
2014-10-23: [0mGET /favicon.ico [36m304 [0m2.071 ms - -[0m
2014-10-23: [0mGET /test/test [36m304 [0m3.029 ms - -[0m
2014-10-23: [0mGET /javascripts/jquery.js [36m304 [0m6.817 ms - -[0m
2014-10-23: [0mGET /javascripts/sha256.js [36m304 [0m34.016 ms - -[0m
2014-10-23: [0mGET /javascripts/test.js [36m304 [0m31.804 ms - -[0m
2014-10-23: [0mGET /favicon.ico [36m304 [0m4.728 ms - -[0m
2014-10-23: [0mGET /test/test [36m304 [0m1.982 ms - -[0m
2014-10-23: [0mGET /javascripts/jquery.js [36m304 [0m2.942 ms - -[0m
2014-10-23: [0mGET /javascripts/sha256.js [36m304 [0m3.424 ms - -[0m
2014-10-23: [0mGET /javascripts/test.js [36m304 [0m2.243 ms - -[0m
2014-10-23: [0mGET /favicon.ico [36m304 [0m3.699 ms - -[0m
2014-10-23: [0mGET /test/test [36m304 [0m2.036 ms - -[0m
2014-10-23: [0mGET /javascripts/jquery.js [36m304 [0m3.521 ms - -[0m
2014-10-23: [0mGET /javascripts/sha256.js [36m304 [0m3.387 ms - -[0m
2014-10-23: [0mGET /javascripts/test.js [36m304 [0m3.148 ms - -[0m
2014-10-23: [0mGET /favicon.ico [36m304 [0m2.438 ms - -[0m
2014-10-23: [0mGET /test/test [36m304 [0m2.201 ms - -[0m
2014-10-23: [0mGET /javascripts/jquery.js [36m304 [0m2.773 ms - -[0m
2014-10-23: [0mGET /javascripts/sha256.js [36m304 [0m3.787 ms - -[0m
2014-10-23: [0mGET /javascripts/test.js [36m304 [0m4.016 ms - -[0m
2014-10-23: [0mGET /favicon.ico [36m304 [0m3.444 ms - -[0m
2014-10-23: [0mGET /test/test [36m304 [0m2.309 ms - -[0m
2014-10-23: [0mGET /javascripts/jquery.js [36m304 [0m4.590 ms - -[0m
2014-10-23: [0mGET /javascripts/sha256.js [36m304 [0m5.000 ms - -[0m
2014-10-23: [0mGET /javascripts/test.js [36m304 [0m5.356 ms - -[0m
2014-10-23: [0mGET /favicon.ico [36m304 [0m2.882 ms - -[0m
2014-10-23: [0mGET /test/test [36m304 [0m2.877 ms - -[0m
2014-10-23: [0mGET /javascripts/jquery.js [36m304 [0m4.689 ms - -[0m
2014-10-23: [0mGET /javascripts/sha256.js [36m304 [0m4.704 ms - -[0m
2014-10-23: [0mGET /javascripts/test.js [36m304 [0m5.345 ms - -[0m
2014-10-23: [0mGET /favicon.ico [36m304 [0m3.150 ms - -[0m
2014-10-23: [0mGET /test/test [36m304 [0m1.781 ms - -[0m
2014-10-23: [0mGET /javascripts/jquery.js [36m304 [0m4.075 ms - -[0m
2014-10-23: [0mGET /javascripts/sha256.js [36m304 [0m6.058 ms - -[0m
2014-10-23: [0mGET /javascripts/test.js [36m304 [0m3.531 ms - -[0m
2014-10-23: [0mGET /favicon.ico [36m304 [0m4.104 ms - -[0m
2014-10-23: [31m[2014-10-23 15:52:25.139] [ERROR] console - [39mjs-bson: Failed to load c++ bson extension, using pure JS version
2014-10-23: [32m[2014-10-23 15:52:25.655] [INFO] normal - [39mSMTP Configured
2014-10-23: [32m[2014-10-23 15:52:25.799] [INFO] normal - [39mExpress server listening on port 3000
2014-10-23: [32m[2014-10-23 15:52:25.845] [INFO] normal - [39mmongodb已连接
2014-10-23: [0mGET /javascripts/test.js [36m304 [0m51.845 ms - -[0m
2014-10-23: [0mGET /favicon.ico [36m304 [0m8.572 ms - -[0m
2014-10-23: [0mGET /test/test [36m304 [0m5.447 ms - -[0m
2014-10-23: [0mGET /javascripts/jquery.js [36m304 [0m2.761 ms - -[0m
2014-10-23: [0mGET /javascripts/test.js [36m304 [0m4.318 ms - -[0m
2014-10-23: [0mGET /favicon.ico [36m304 [0m4.444 ms - -[0m
2014-10-23: [0mGET /test/test [36m304 [0m3.979 ms - -[0m
2014-10-23: [0mGET /javascripts/jquery.js [36m304 [0m33.607 ms - -[0m
2014-10-23: [0mGET /favicon.ico [36m304 [0m3.070 ms - -[0m
2014-10-23: [32m[2014-10-23 15:52:39.395] [INFO] console - [39m{"page":{"pageNo":1,"pageEntries":20,"content":[],"totalElements":0,"totalPages":0},"code":200,"msg":"操作成功"}
2014-10-23: [0mGET /friends/request/list?applyName=0&msg=Thu+Oct+23+2014+15%3A52%3A39+GMT%2B0800+(%E4%B8%AD%E5%9B%BD%E6%A0%87%E5%87%86%E6%97%B6%E9%97%B4) [32m200 [0m17.871 ms - 116[0m
2014-10-23: [32m[2014-10-23 15:52:41.883] [INFO] console - [39m{"page":{"pageNo":1,"pageEntries":20,"content":[],"totalElements":0,"totalPages":0},"code":200,"msg":"操作成功"}
2014-10-23: [0mGET /friends/request/list?applyName=0&msg=Thu+Oct+23+2014+15%3A52%3A41+GMT%2B0800+(%E4%B8%AD%E5%9B%BD%E6%A0%87%E5%87%86%E6%97%B6%E9%97%B4) [32m200 [0m5.990 ms - 116[0m
2014-10-23: [32m[2014-10-23 15:52:42.349] [INFO] console - [39m{"page":{"pageNo":1,"pageEntries":20,"content":[],"totalElements":0,"totalPages":0},"code":200,"msg":"操作成功"}
2014-10-23: [0mGET /friends/request/list?applyName=0&msg=Thu+Oct+23+2014+15%3A52%3A42+GMT%2B0800+(%E4%B8%AD%E5%9B%BD%E6%A0%87%E5%87%86%E6%97%B6%E9%97%B4) [32m200 [0m8.571 ms - 116[0m
2014-10-23: [32m[2014-10-23 15:52:42.531] [INFO] console - [39m{"page":{"pageNo":1,"pageEntries":20,"content":[],"totalElements":0,"totalPages":0},"code":200,"msg":"操作成功"}
2014-10-23: [0mGET /friends/request/list?applyName=0&msg=Thu+Oct+23+2014+15%3A52%3A42+GMT%2B0800+(%E4%B8%AD%E5%9B%BD%E6%A0%87%E5%87%86%E6%97%B6%E9%97%B4) [36m304 [0m6.609 ms - -[0m
2014-10-23: [32m[2014-10-23 15:52:42.709] [INFO] console - [39m{"page":{"pageNo":1,"pageEntries":20,"content":[],"totalElements":0,"totalPages":0},"code":200,"msg":"操作成功"}
2014-10-23: [0mGET /friends/request/list?applyName=0&msg=Thu+Oct+23+2014+15%3A52%3A42+GMT%2B0800+(%E4%B8%AD%E5%9B%BD%E6%A0%87%E5%87%86%E6%97%B6%E9%97%B4) [36m304 [0m6.965 ms - -[0m
2014-10-23: [32m[2014-10-23 15:52:48.085] [INFO] console - [39m{"page":{"pageNo":1,"pageEntries":20,"content":[],"totalElements":0,"totalPages":0},"code":200,"msg":"操作成功"}
2014-10-23: [0mGET /friends/request/list?applyName=0&msg=Thu+Oct+23+2014+15%3A52%3A48+GMT%2B0800+(%E4%B8%AD%E5%9B%BD%E6%A0%87%E5%87%86%E6%97%B6%E9%97%B4) [32m200 [0m5.013 ms - 116[0m
2014-10-23: [32m[2014-10-23 15:52:48.262] [INFO] console - [39m{"page":{"pageNo":1,"pageEntries":20,"content":[],"totalElements":0,"totalPages":0},"code":200,"msg":"操作成功"}
2014-10-23: [0mGET /friends/request/list?applyName=0&msg=Thu+Oct+23+2014+15%3A52%3A48+GMT%2B0800+(%E4%B8%AD%E5%9B%BD%E6%A0%87%E5%87%86%E6%97%B6%E9%97%B4) [36m304 [0m8.330 ms - -[0m
2014-10-23: [32m[2014-10-23 15:52:48.419] [INFO] console - [39m{"page":{"pageNo":1,"pageEntries":20,"content":[],"totalElements":0,"totalPages":0},"code":200,"msg":"操作成功"}
2014-10-23: [0mGET /friends/request/list?applyName=0&msg=Thu+Oct+23+2014+15%3A52%3A48+GMT%2B0800+(%E4%B8%AD%E5%9B%BD%E6%A0%87%E5%87%86%E6%97%B6%E9%97%B4) [36m304 [0m5.448 ms - -[0m
2014-10-23: [32m[2014-10-23 15:52:48.571] [INFO] console - [39m{"page":{"pageNo":1,"pageEntries":20,"content":[],"totalElements":0,"totalPages":0},"code":200,"msg":"操作成功"}
2014-10-23: [0mGET /friends/request/list?applyName=0&msg=Thu+Oct+23+2014+15%3A52%3A48+GMT%2B0800+(%E4%B8%AD%E5%9B%BD%E6%A0%87%E5%87%86%E6%97%B6%E9%97%B4) [36m304 [0m4.905 ms - -[0m
2014-10-23: [0mGET /javascripts/helper.js [36m304 [0m1.980 ms - -[0m
