2014-10-23: [32m[2014-10-23 15:31:43.389] [INFO] console - [39m{"code":200,"msg":"æ“ä½œæˆåŠŸ"}
2014-10-23: [0mPOST /friends/request [32m200 [0m158.840 ms - 33[0m
2014-10-23: [32m[2014-10-23 15:31:43.405] [INFO] console - [39m{"code":200,"msg":"æ“ä½œæˆåŠŸ"}
2014-10-23: [0mPOST /friends/request [32m200 [0m173.608 ms - 33[0m
2014-10-23: [32m[2014-10-23 15:31:43.407] [INFO] console - [39m{"code":200,"msg":"æ“ä½œæˆåŠŸ"}
2014-10-23: [0mPOST /friends/request [32m200 [0m174.618 ms - 33[0m
2014-10-23: [32m[2014-10-23 15:31:43.415] [INFO] console - [39m{"code":200,"msg":"æ“ä½œæˆåŠŸ"}
2014-10-23: [0mPOST /friends/request [32m200 [0m216.983 ms - 33[0m
2014-10-23: [32m[2014-10-23 15:31:43.548] [INFO] console - [39m{"code":200,"msg":"æ“ä½œæˆåŠŸ"}
2014-10-23: [0mPOST /friends/request [32m200 [0m105.909 ms - 33[0m
2014-10-23: [32m[2014-10-23 15:31:43.636] [INFO] console - [39m{"code":200,"msg":"æ“ä½œæˆåŠŸ"}
2014-10-23: [0mPOST /friends/request [32m200 [0m175.694 ms - 33[0m
2014-10-23: [32m[2014-10-23 15:31:43.646] [INFO] console - [39m{"code":200,"msg":"æ“ä½œæˆåŠŸ"}
2014-10-23: [0mPOST /friends/request [32m200 [0m188.306 ms - 33[0m
2014-10-23: [32m[2014-10-23 15:31:43.668] [INFO] console - [39m{"code":200,"msg":"æ“ä½œæˆåŠŸ"}
2014-10-23: [0mPOST /friends/request [32m200 [0m203.640 ms - 33[0m
2014-10-23: [32m[2014-10-23 15:31:43.691] [INFO] console - [39m{"code":200,"msg":"æ“ä½œæˆåŠŸ"}
2014-10-23: [0mPOST /friends/request [32m200 [0m89.290 ms - 33[0m
2014-10-23: [32m[2014-10-23 15:31:43.755] [INFO] console - [39m{"code":200,"msg":"æ“ä½œæˆåŠŸ"}
2014-10-23: [0mPOST /friends/request [32m200 [0m72.848 ms - 33[0m
2014-10-23: [32m[2014-10-23 15:31:43.786] [INFO] console - [39m{"code":200,"msg":"æ“ä½œæˆåŠŸ"}
2014-10-23: [0mPOST /friends/request [32m200 [0m93.141 ms - 33[0m
2014-10-23: [32m[2014-10-23 15:31:43.876] [INFO] console - [39m{"code":200,"msg":"æ“ä½œæˆåŠŸ"}
2014-10-23: [0mPOST /friends/request [32m200 [0m156.257 ms - 33[0m
2014-10-23: [32m[2014-10-23 15:31:43.881] [INFO] console - [39m{"code":200,"msg":"æ“ä½œæˆåŠŸ"}
2014-10-23: [0mPOST /friends/request [32m200 [0m141.263 ms - 33[0m
2014-10-23: [32m[2014-10-23 15:31:43.905] [INFO] console - [39m{"code":200,"msg":"æ“ä½œæˆåŠŸ"}
2014-10-23: [0mPOST /friends/request [32m200 [0m102.171 ms - 33[0m
2014-10-23: [32m[2014-10-23 15:31:43.976] [INFO] console - [39m{"code":200,"msg":"æ“ä½œæˆåŠŸ"}
2014-10-23: [0mPOST /friends/request [32m200 [0m143.090 ms - 33[0m
2014-10-23: [32m[2014-10-23 15:31:44.059] [INFO] console - [39m{"code":200,"msg":"æ“ä½œæˆåŠŸ"}
2014-10-23: [0mPOST /friends/request [32m200 [0m127.892 ms - 33[0m
2014-10-23: [32m[2014-10-23 15:31:44.064] [INFO] console - [39m{"code":200,"msg":"æ“ä½œæˆåŠŸ"}
2014-10-23: [0mPOST /friends/request [32m200 [0m125.184 ms - 33[0m
2014-10-23: [32m[2014-10-23 15:31:44.091] [INFO] console - [39m{"code":200,"msg":"æ“ä½œæˆåŠŸ"}
2014-10-23: [0mPOST /friends/request [32m200 [0m133.594 ms - 33[0m
2014-10-23: [32m[2014-10-23 15:31:44.163] [INFO] console - [39m{"code":200,"msg":"æ“ä½œæˆåŠŸ"}
2014-10-23: [0mPOST /friends/request [32m200 [0m133.304 ms - 33[0m
2014-10-23: [32m[2014-10-23 15:31:44.250] [INFO] console - [39m{"code":200,"msg":"æ“ä½œæˆåŠŸ"}
2014-10-23: [0mPOST /friends/request [32m200 [0m138.969 ms - 33[0m
2014-10-23: [32m[2014-10-23 15:31:44.256] [INFO] console - [39m{"code":200,"msg":"æ“ä½œæˆåŠŸ"}
2014-10-23: [0mPOST /friends/request [32m200 [0m146.649 ms - 33[0m
2014-10-23: [32m[2014-10-23 15:31:44.276] [INFO] console - [39m{"code":200,"msg":"æ“ä½œæˆåŠŸ"}
2014-10-23: [0mPOST /friends/request [32m200 [0m134.259 ms - 33[0m
2014-10-23: [32m[2014-10-23 15:31:44.340] [INFO] console - [39m{"code":200,"msg":"æ“ä½œæˆåŠŸ"}
2014-10-23: [0mPOST /friends/request [32m200 [0m124.582 ms - 33[0m
2014-10-23: [32m[2014-10-23 15:31:44.414] [INFO] console - [39m{"code":200,"msg":"æ“ä½œæˆåŠŸ"}
2014-10-23: [0mPOST /friends/request [32m200 [0m101.506 ms - 33[0m
2014-10-23: [32m[2014-10-23 15:31:44.417] [INFO] console - [39m{"code":200,"msg":"æ“ä½œæˆåŠŸ"}
2014-10-23: [0mPOST /friends/request [32m200 [0m111.982 ms - 33[0m
2014-10-23: [32m[2014-10-23 15:31:44.490] [INFO] console - [39m{"code":200,"msg":"æ“ä½œæˆåŠŸ"}
2014-10-23: [0mPOST /friends/request [32m200 [0m168.678 ms - 33[0m
2014-10-23: [32m[2014-10-23 15:31:44.516] [INFO] console - [39m{"code":200,"msg":"æ“ä½œæˆåŠŸ"}
2014-10-23: [0mPOST /friends/request [32m200 [0m123.251 ms - 33[0m
2014-10-23: [32m[2014-10-23 15:31:44.607] [INFO] console - [39m{"code":200,"msg":"æ“ä½œæˆåŠŸ"}
2014-10-23: [0mPOST /friends/request [32m200 [0m120.680 ms - 33[0m
2014-10-23: [32m[2014-10-23 15:31:44.613] [INFO] console - [39m{"code":200,"msg":"æ“ä½œæˆåŠŸ"}
2014-10-23: [0mPOST /friends/request [32m200 [0m146.196 ms - 33[0m
2014-10-23: [32m[2014-10-23 15:31:44.677] [INFO] console - [39m{"code":200,"msg":"æ“ä½œæˆåŠŸ"}
2014-10-23: [0mPOST /friends/request [32m200 [0m132.619 ms - 33[0m
2014-10-23: [32m[2014-10-23 15:31:44.725] [INFO] console - [39m{"code":200,"msg":"æ“ä½œæˆåŠŸ"}
2014-10-23: [0mPOST /friends/request [32m200 [0m162.670 ms - 33[0m
2014-10-23: [32m[2014-10-23 15:31:44.801] [INFO] console - [39m{"code":200,"msg":"æ“ä½œæˆåŠŸ"}
2014-10-23: [0mPOST /friends/request [32m200 [0m141.684 ms - 33[0m
2014-10-23: [32m[2014-10-23 15:31:44.848] [INFO] console - [39m{"code":200,"msg":"æ“ä½œæˆåŠŸ"}
2014-10-23: [0mPOST /friends/request [32m200 [0m177.862 ms - 33[0m
2014-10-23: [32m[2014-10-23 15:31:44.909] [INFO] console - [39m{"code":200,"msg":"æ“ä½œæˆåŠŸ"}
2014-10-23: [0mPOST /friends/request [32m200 [0m188.295 ms - 33[0m
2014-10-23: [32m[2014-10-23 15:31:44.917] [INFO] console - [39m{"code":200,"msg":"æ“ä½œæˆåŠŸ"}
2014-10-23: [0mPOST /friends/request [32m200 [0m146.584 ms - 33[0m
2014-10-23: [32m[2014-10-23 15:31:44.959] [INFO] console - [39m{"code":200,"msg":"æ“ä½œæˆåŠŸ"}
2014-10-23: [0mPOST /friends/request [32m200 [0m104.911 ms - 33[0m
2014-10-23: [32m[2014-10-23 15:31:45.018] [INFO] console - [39m{"code":200,"msg":"æ“ä½œæˆåŠŸ"}
2014-10-23: [0mPOST /friends/request [32m200 [0m112.260 ms - 33[0m
2014-10-23: [32m[2014-10-23 15:31:45.106] [INFO] console - [39m{"code":200,"msg":"æ“ä½œæˆåŠŸ"}
2014-10-23: [0mPOST /friends/request [32m200 [0m139.605 ms - 33[0m
2014-10-23: [32m[2014-10-23 15:31:45.108] [INFO] console - [39m{"code":200,"msg":"æ“ä½œæˆåŠŸ"}
2014-10-23: [0mPOST /friends/request [32m200 [0m141.304 ms - 33[0m
2014-10-23: [32m[2014-10-23 15:31:45.160] [INFO] console - [39m{"code":200,"msg":"æ“ä½œæˆåŠŸ"}
2014-10-23: [0mPOST /friends/request [32m200 [0m151.519 ms - 33[0m
2014-10-23: [32m[2014-10-23 15:31:45.181] [INFO] console - [39m{"code":200,"msg":"æ“ä½œæˆåŠŸ"}
2014-10-23: [0mPOST /friends/request [32m200 [0m107.093 ms - 33[0m
2014-10-23: [32m[2014-10-23 15:31:45.244] [INFO] console - [39m{"code":200,"msg":"æ“ä½œæˆåŠŸ"}
2014-10-23: [0mPOST /friends/request [32m200 [0m90.322 ms - 33[0m
2014-10-23: [32m[2014-10-23 15:31:45.277] [INFO] console - [39m{"code":200,"msg":"æ“ä½œæˆåŠŸ"}
2014-10-23: [0mPOST /friends/request [32m200 [0m110.029 ms - 33[0m
2014-10-23: [32m[2014-10-23 15:31:45.332] [INFO] console - [39m{"code":200,"msg":"æ“ä½œæˆåŠŸ"}
2014-10-23: [0mPOST /friends/request [32m200 [0m123.288 ms - 33[0m
2014-10-23: [32m[2014-10-23 15:31:45.371] [INFO] console - [39m{"code":200,"msg":"æ“ä½œæˆåŠŸ"}
2014-10-23: [0mPOST /friends/request [32m200 [0m137.507 ms - 33[0m
2014-10-23: [32m[2014-10-23 15:31:45.422] [INFO] console - [39m{"code":200,"msg":"æ“ä½œæˆåŠŸ"}
2014-10-23: [0mPOST /friends/request [32m200 [0m123.813 ms - 33[0m
2014-10-23: [32m[2014-10-23 15:31:45.469] [INFO] console - [39m{"code":200,"msg":"æ“ä½œæˆåŠŸ"}
2014-10-23: [0mPOST /friends/request [32m200 [0m132.861 ms - 33[0m
2014-10-23: [32m[2014-10-23 15:31:45.534] [INFO] console - [39m{"code":200,"msg":"æ“ä½œæˆåŠŸ"}
2014-10-23: [0mPOST /friends/request [32m200 [0m149.162 ms - 33[0m
2014-10-23: [32m[2014-10-23 15:31:45.560] [INFO] console - [39m{"code":200,"msg":"æ“ä½œæˆåŠŸ"}
2014-10-23: [0mPOST /friends/request [32m200 [0m134.853 ms - 33[0m
2014-10-23: [32m[2014-10-23 15:31:45.603] [INFO] console - [39m{"code":200,"msg":"æ“ä½œæˆåŠŸ"}
2014-10-23: [0mPOST /friends/request [32m200 [0m135.604 ms - 33[0m
2014-10-23: [32m[2014-10-23 15:31:45.640] [INFO] console - [39m{"code":200,"msg":"æ“ä½œæˆåŠŸ"}
2014-10-23: [0mPOST /friends/request [32m200 [0m119.264 ms - 33[0m
2014-10-23: [32m[2014-10-23 15:31:45.717] [INFO] console - [39m{"code":200,"msg":"æ“ä½œæˆåŠŸ"}
2014-10-23: [0mPOST /friends/request [32m200 [0m101.003 ms - 33[0m
2014-10-23: [32m[2014-10-23 15:31:45.735] [INFO] console - [39m{"code":200,"msg":"æ“ä½œæˆåŠŸ"}
2014-10-23: [0mPOST /friends/request [32m200 [0m147.745 ms - 33[0m
2014-10-23: [32m[2014-10-23 15:31:45.760] [INFO] console - [39m{"code":200,"msg":"æ“ä½œæˆåŠŸ"}
2014-10-23: [0mPOST /friends/request [32m200 [0m101.824 ms - 33[0m
2014-10-23: [32m[2014-10-23 15:31:45.815] [INFO] console - [39m{"code":200,"msg":"æ“ä½œæˆåŠŸ"}
2014-10-23: [0mPOST /friends/request [32m200 [0m115.933 ms - 33[0m
2014-10-23: [32m[2014-10-23 15:31:45.895] [INFO] console - [39m{"code":200,"msg":"æ“ä½œæˆåŠŸ"}
2014-10-23: [0mPOST /friends/request [32m200 [0m105.339 ms - 33[0m
2014-10-23: [32m[2014-10-23 15:31:45.907] [INFO] console - [39m{"code":200,"msg":"æ“ä½œæˆåŠŸ"}
2014-10-23: [0mPOST /friends/request [32m200 [0m138.032 ms - 33[0m
2014-10-23: [32m[2014-10-23 15:31:45.955] [INFO] console - [39m{"code":200,"msg":"æ“ä½œæˆåŠŸ"}
2014-10-23: [0mPOST /friends/request [32m200 [0m133.617 ms - 33[0m
2014-10-23: [32m[2014-10-23 15:31:45.992] [INFO] console - [39m{"code":200,"msg":"æ“ä½œæˆåŠŸ"}
2014-10-23: [0mPOST /friends/request [32m200 [0m131.557 ms - 33[0m
2014-10-23: [32m[2014-10-23 15:31:46.070] [INFO] console - [39m{"code":200,"msg":"æ“ä½œæˆåŠŸ"}
2014-10-23: [0mPOST /friends/request [32m200 [0m126.299 ms - 33[0m
2014-10-23: [32m[2014-10-23 15:31:46.079] [INFO] console - [39m{"code":200,"msg":"æ“ä½œæˆåŠŸ"}
2014-10-23: [0mPOST /friends/request [32m200 [0m113.366 ms - 33[0m
2014-10-23: [32m[2014-10-23 15:31:46.120] [INFO] console - [39m{"code":200,"msg":"æ“ä½œæˆåŠŸ"}
2014-10-23: [0mPOST /friends/request [32m200 [0m111.372 ms - 33[0m
2014-10-23: [32m[2014-10-23 15:31:46.179] [INFO] console - [39m{"code":200,"msg":"æ“ä½œæˆåŠŸ"}
2014-10-23: [0mPOST /friends/request [32m200 [0m130.122 ms - 33[0m
2014-10-23: [32m[2014-10-23 15:31:46.209] [INFO] console - [39m{"code":200,"msg":"æ“ä½œæˆåŠŸ"}
2014-10-23: [0mPOST /friends/request [32m200 [0m85.441 ms - 33[0m
2014-10-23: [32m[2014-10-23 15:31:46.218] [INFO] console - [39m{"code":200,"msg":"æ“ä½œæˆåŠŸ"}
2014-10-23: [0mPOST /friends/request [32m200 [0m84.854 ms - 33[0m
2014-10-23: [0mGET /test/test [32m200 [0m3.130 ms - 3146[0m
2014-10-23: [0mGET /test/test [32m200 [0m2.476 ms - 3146[0m
2014-10-23: [0mGET /javascripts/jquery.js [32m200 [0m7.045 ms - 93436[0m
2014-10-23: [0mGET /test/test [32m- [0m- ms - -[0m
2014-10-23: [31m[2014-10-23 15:52:25.022] [ERROR] console - [39mjs-bson: Failed to load c++ bson extension, using pure JS version
2014-10-23: [32m[2014-10-23 15:52:25.761] [INFO] normal - [39mSMTP Configured
2014-10-23: [32m[2014-10-23 15:52:25.931] [INFO] normal - [39mExpress server listening on port 3000
2014-10-23: [32m[2014-10-23 15:52:25.940] [INFO] normal - [39mmongodbå·²è¿æ¥
2014-10-23: [0mGET /test/test [32m200 [0m18.143 ms - 3186[0m
2014-10-23: [0mGET /javascripts/jquery.js [36m304 [0m6.082 ms - -[0m
2014-10-23: [0mGET /javascripts/test.js [36m304 [0m2.789 ms - -[0m
2014-10-23: [0mGET /javascripts/sha256.js [36m304 [0m3.617 ms - -[0m
2014-10-23: [0mGET /javascripts/sha256.js [36m304 [0m7.880 ms - -[0m
2014-10-23: [0mGET /test/test [36m304 [0m3.091 ms - -[0m
2014-10-23: [0mGET /javascripts/jquery.js [36m304 [0m29.342 ms - -[0m
2014-10-23: [0mGET /javascripts/sha256.js [36m304 [0m29.900 ms - -[0m
2014-10-23: [0mGET /favicon.ico [36m304 [0m2.835 ms - -[0m
2014-10-23: [32m[2014-10-23 15:55:12.428] [INFO] console - [39m{"page":{"pageNo":1,"pageEntries":20,"content":[],"totalElements":0,"totalPages":0},"code":200,"msg":"æ“ä½œæˆåŠŸ"}
2014-10-23: [0mGET /friends/request/list?applyName=0&msg=Thu+Oct+23+2014+15%3A55%3A12+GMT%2B0800+(%E4%B8%AD%E5%9B%BD%E6%A0%87%E5%87%86%E6%97%B6%E9%97%B4) [32m200 [0m18.168 ms - 116[0m
2014-10-23: [32m[2014-10-23 15:55:13.154] [INFO] console - [39m{"page":{"pageNo":1,"pageEntries":20,"content":[],"totalElements":0,"totalPages":0},"code":200,"msg":"æ“ä½œæˆåŠŸ"}
2014-10-23: [0mGET /friends/request/list?applyName=0&msg=Thu+Oct+23+2014+15%3A55%3A13+GMT%2B0800+(%E4%B8%AD%E5%9B%BD%E6%A0%87%E5%87%86%E6%97%B6%E9%97%B4) [32m200 [0m5.661 ms - 116[0m
2014-10-23: [32m[2014-10-23 15:55:13.459] [INFO] console - [39m{"page":{"pageNo":1,"pageEntries":20,"content":[],"totalElements":0,"totalPages":0},"code":200,"msg":"æ“ä½œæˆåŠŸ"}
2014-10-23: [0mGET /friends/request/list?applyName=0&msg=Thu+Oct+23+2014+15%3A55%3A13+GMT%2B0800+(%E4%B8%AD%E5%9B%BD%E6%A0%87%E5%87%86%E6%97%B6%E9%97%B4) [36m304 [0m6.421 ms - -[0m
2014-10-23: [32m[2014-10-23 15:55:13.619] [INFO] console - [39m{"page":{"pageNo":1,"pageEntries":20,"content":[],"totalElements":0,"totalPages":0},"code":200,"msg":"æ“ä½œæˆåŠŸ"}
2014-10-23: [0mGET /friends/request/list?applyName=0&msg=Thu+Oct+23+2014+15%3A55%3A13+GMT%2B0800+(%E4%B8%AD%E5%9B%BD%E6%A0%87%E5%87%86%E6%97%B6%E9%97%B4) [36m304 [0m6.296 ms - -[0m
2014-10-23: [0mGET /test/test [36m304 [0m4.137 ms - -[0m
2014-10-23: [0mGET /javascripts/jquery.js [36m304 [0m7.953 ms - -[0m
2014-10-23: [0mGET /javascripts/test.js [36m304 [0m4.992 ms - -[0m
2014-10-23: [0mGET /favicon.ico [36m304 [0m3.360 ms - -[0m
2014-10-23: [0mGET /test/test [36m304 [0m3.176 ms - -[0m
2014-10-23: [0mGET /javascripts/jquery.js [36m304 [0m3.379 ms - -[0m
2014-10-23: [0mGET /javascripts/sha256.js [36m304 [0m4.301 ms - -[0m
2014-10-23: [0mGET /javascripts/sha256.js [36m304 [0m4.188 ms - -[0m
2014-10-23: [0mGET /javascripts/test.js [36m304 [0m3.454 ms - -[0m
2014-10-23: [0mGET /favicon.ico [36m304 [0m3.335 ms - -[0m
2014-10-23: [0mGET /test/test [32m200 [0m5.296 ms - 3186[0m
2014-10-23: [0mGET /javascripts/jquery.js [36m304 [0m4.033 ms - -[0m
2014-10-23: [0mGET /javascripts/sha256.js [36m304 [0m4.233 ms - -[0m
2014-10-23: [0mGET /javascripts/sha256.js [36m304 [0m6.491 ms - -[0m
2014-10-23: [0mGET /javascripts/test.js [36m304 [0m4.149 ms - -[0m
2014-10-23: [0mGET /favicon.ico [36m304 [0m4.150 ms - -[0m
2014-10-23: [0mGET /test/test [32m200 [0m2.916 ms - 3186[0m
2014-10-23: [0mGET /javascripts/jquery.js [36m304 [0m3.088 ms - -[0m
2014-10-23: [0mGET /javascripts/sha256.js [36m304 [0m4.551 ms - -[0m
2014-10-23: [0mGET /favicon.ico [36m304 [0m5.091 ms - -[0m
2014-10-23: [0mGET /test/test [36m304 [0m2.629 ms - -[0m
2014-10-23: [0mGET /javascripts/jquery.js [36m304 [0m5.128 ms - -[0m
2014-10-23: [0mGET /javascripts/test.js [36m304 [0m6.178 ms - -[0m
2014-10-23: [0mGET /favicon.ico [36m304 [0m4.771 ms - -[0m
2014-10-23: [0mGET /test/test [36m304 [0m3.061 ms - -[0m
2014-10-23: [0mGET /javascripts/jquery.js [36m304 [0m4.742 ms - -[0m
2014-10-23: [0mGET /javascripts/sha256.js [36m304 [0m4.793 ms - -[0m
2014-10-23: [0mGET /favicon.ico [36m304 [0m2.555 ms - -[0m
2014-10-23: [0mGET /test/test [36m304 [0m3.504 ms - -[0m
2014-10-23: [0mGET /javascripts/jquery.js [36m304 [0m3.449 ms - -[0m
2014-10-23: [0mGET /javascripts/sha256.js [36m304 [0m9.688 ms - -[0m
2014-10-23: [0mGET /favicon.ico [36m304 [0m2.711 ms - -[0m
2014-10-23: [0mGET /test/test [36m304 [0m2.379 ms - -[0m
2014-10-23: [0mGET /javascripts/jquery.js [36m304 [0m5.645 ms - -[0m
2014-10-23: [0mGET /javascripts/test.js [36m304 [0m4.759 ms - -[0m
2014-10-23: [0mGET /favicon.ico [36m304 [0m1.904 ms - -[0m
2014-10-23: [0mGET /test/test [36m304 [0m1.913 ms - -[0m
2014-10-23: [0mGET /javascripts/jquery.js [36m304 [0m5.024 ms - -[0m
2014-10-23: [0mGET /javascripts/sha256.js [36m304 [0m6.683 ms - -[0m
2014-10-23: [0mGET /favicon.ico [36m304 [0m4.470 ms - -[0m
2014-10-23: [0mGET /test/test [36m304 [0m2.333 ms - -[0m
2014-10-23: [0mGET /javascripts/jquery.js [36m304 [0m5.152 ms - -[0m
2014-10-23: [0mGET /javascripts/test.js [36m304 [0m4.071 ms - -[0m
2014-10-23: [0mGET /favicon.ico [36m304 [0m1.888 ms - -[0m
2014-10-23: [0mGET /test/test [36m304 [0m2.682 ms - -[0m
2014-10-23: [0mGET /javascripts/jquery.js [36m304 [0m6.347 ms - -[0m
2014-10-23: [0mGET /javascripts/test.js [36m304 [0m2.904 ms - -[0m
2014-10-23: [0mGET /favicon.ico [36m304 [0m2.893 ms - -[0m
2014-10-23: [0mGET /test/test [36m304 [0m1.909 ms - -[0m
2014-10-23: [0mGET /javascripts/jquery.js [36m304 [0m5.070 ms - -[0m
2014-10-23: [0mGET /javascripts/sha256.js [36m304 [0m6.551 ms - -[0m
2014-10-23: [0mGET /favicon.ico [36m304 [0m3.554 ms - -[0m
2014-10-23: [0mGET / [36m304 [0m7.175 ms - -[0m
2014-10-23: [0mGET /favicon.ico [36m304 [0m3.993 ms - -[0m
2014-10-23: [0mGET /test/test [36m304 [0m2.605 ms - -[0m
2014-10-23: [0mGET /javascripts/jquery.js [36m304 [0m4.429 ms - -[0m
2014-10-23: [0mGET /javascripts/sha256.js [36m304 [0m4.460 ms - -[0m
2014-10-23: [0mGET /javascripts/sha256.js [36m304 [0m3.566 ms - -[0m
2014-10-23: [0mGET /javascripts/test.js [36m304 [0m3.752 ms - -[0m
2014-10-23: [0mGET /favicon.ico [36m304 [0m1.932 ms - -[0m
2014-10-23: [0mGET /test/test [32m200 [0m3.357 ms - 3186[0m
2014-10-23: [0mGET /javascripts/jquery.js [36m304 [0m2.576 ms - -[0m
2014-10-23: [0mGET /javascripts/sha256.js [36m304 [0m5.911 ms - -[0m
2014-10-23: [0mGET /favicon.ico [36m304 [0m2.477 ms - -[0m
2014-10-23: [0mGET /test/test [36m304 [0m2.928 ms - -[0m
2014-10-23: [0mGET /javascripts/jquery.js [36m304 [0m4.215 ms - -[0m
2014-10-23: [0mGET /javascripts/test.js [36m304 [0m3.057 ms - -[0m
2014-10-23: [0mGET /favicon.ico [36m304 [0m3.629 ms - -[0m
2014-10-23: [0mGET /test/test [36m304 [0m2.510 ms - -[0m
2014-10-23: [0mGET /javascripts/jquery.js [36m304 [0m3.950 ms - -[0m
2014-10-23: [0mGET /javascripts/test.js [36m304 [0m3.195 ms - -[0m
2014-10-23: [0mGET /javascripts/sha256.js [36m304 [0m3.320 ms - -[0m
2014-10-23: [0mGET /javascripts/test.js [36m304 [0m3.927 ms - -[0m
2014-10-23: [0mGET /favicon.ico [36m304 [0m2.455 ms - -[0m
2014-10-23: [0mGET /test/test [32m200 [0m2.463 ms - 3186[0m
2014-10-23: [0mGET /javascripts/jquery.js [36m304 [0m3.533 ms - -[0m
2014-10-23: [0mGET /javascripts/sha256.js [36m304 [0m2.860 ms - -[0m
2014-10-23: [0mGET /javascripts/sha256.js [36m304 [0m5.151 ms - -[0m
2014-10-23: [0mGET /javascripts/test.js [36m304 [0m3.613 ms - -[0m
2014-10-23: [0mGET /favicon.ico [36m304 [0m2.141 ms - -[0m
2014-10-23: [0mGET /test/test [32m200 [0m2.880 ms - 3186[0m
2014-10-23: [0mGET /javascripts/jquery.js [36m304 [0m5.047 ms - -[0m
2014-10-23: [0mGET /javascripts/sha256.js [36m304 [0m5.112 ms - -[0m
2014-10-23: [0mGET /favicon.ico [36m304 [0m2.212 ms - -[0m
2014-10-23: [0mGET /test/test [36m304 [0m1.872 ms - -[0m
2014-10-23: [0mGET /javascripts/jquery.js [36m304 [0m5.547 ms - -[0m
2014-10-23: [0mGET /javascripts/sha256.js [36m304 [0m4.644 ms - -[0m
2014-10-23: [0mGET /favicon.ico [36m304 [0m2.396 ms - -[0m
2014-10-23: [0mGET /test/test [36m304 [0m2.187 ms - -[0m
2014-10-23: [0mGET /javascripts/jquery.js [36m304 [0m3.887 ms - -[0m
2014-10-23: [0mGET /javascripts/sha256.js [36m304 [0m4.294 ms - -[0m
2014-10-23: [0mGET /javascripts/sha256.js [36m304 [0m6.420 ms - -[0m
2014-10-23: [0mGET /javascripts/test.js [36m304 [0m7.420 ms - -[0m
2014-10-23: [0mGET /favicon.ico [36m304 [0m2.625 ms - -[0m
2014-10-23: [0mGET /test/test [32m200 [0m2.251 ms - 3186[0m
2014-10-23: [0mGET /javascripts/jquery.js [36m304 [0m3.791 ms - -[0m
2014-10-23: [0mGET /javascripts/sha256.js [36m304 [0m3.620 ms - -[0m
2014-10-23: [0mGET /javascripts/sha256.js [36m304 [0m2.611 ms - -[0m
2014-10-23: [0mGET /javascripts/test.js [36m304 [0m5.293 ms - -[0m
2014-10-23: [0mGET /favicon.ico [36m304 [0m2.147 ms - -[0m
2014-10-23: [32m[2014-10-23 15:55:50.405] [INFO] console - [39m{"page":{"pageNo":1,"pageEntries":20,"content":[],"totalElements":0,"totalPages":0},"code":200,"msg":"æ“ä½œæˆåŠŸ"}
2014-10-23: [0mGET /friends/request/list?applyName=0&msg=Thu+Oct+23+2014+15%3A55%3A50+GMT%2B0800+(%E4%B8%AD%E5%9B%BD%E6%A0%87%E5%87%86%E6%97%B6%E9%97%B4) [32m200 [0m5.761 ms - 116[0m
2014-10-23: [32m[2014-10-23 15:55:59.812] [INFO] console - [39m{"page":{"pageNo":1,"pageEntries":20,"content":[],"totalElements":0,"totalPages":0},"code":200,"msg":"æ“ä½œæˆåŠŸ"}
2014-10-23: [0mGET /friends/request/list?applyName=0&msg=Thu+Oct+23+2014+15%3A55%3A59+GMT%2B0800+(%E4%B8%AD%E5%9B%BD%E6%A0%87%E5%87%86%E6%97%B6%E9%97%B4) [32m200 [0m7.350 ms - 116[0m
2014-10-23: [32m[2014-10-23 15:55:59.887] [INFO] console - [39m{"page":{"pageNo":1,"pageEntries":20,"content":[],"totalElements":0,"totalPages":0},"code":200,"msg":"æ“ä½œæˆåŠŸ"}
2014-10-23: [0mGET /friends/request/list?applyName=1&msg=Thu+Oct+23+2014+15%3A55%3A59+GMT%2B0800+(%E4%B8%AD%E5%9B%BD%E6%A0%87%E5%87%86%E6%97%B6%E9%97%B4) [32m200 [0m3.980 ms - 116[0m
2014-10-23: [32m[2014-10-23 15:55:59.957] [INFO] console - [39m{"page":{"pageNo":1,"pageEntries":20,"content":[],"totalElements":0,"totalPages":0},"code":200,"msg":"æ“ä½œæˆåŠŸ"}
2014-10-23: [0mGET /friends/request/list?applyName=2&msg=Thu+Oct+23+2014+15%3A55%3A59+GMT%2B0800+(%E4%B8%AD%E5%9B%BD%E6%A0%87%E5%87%86%E6%97%B6%E9%97%B4) [32m200 [0m4.852 ms - 116[0m
2014-10-23: [32m[2014-10-23 15:56:00.039] [INFO] console - [39m{"page":{"pageNo":1,"pageEntries":20,"content":[],"totalElements":0,"totalPages":0},"code":200,"msg":"æ“ä½œæˆåŠŸ"}
2014-10-23: [0mGET /friends/request/list?applyName=3&msg=Thu+Oct+23+2014+15%3A56%3A00+GMT%2B0800+(%E4%B8%AD%E5%9B%BD%E6%A0%87%E5%87%86%E6%97%B6%E9%97%B4) [32m200 [0m14.932 ms - 116[0m
2014-10-23: [32m[2014-10-23 15:56:00.113] [INFO] console - [39m{"page":{"pageNo":1,"pageEntries":20,"content":[],"totalElements":0,"totalPages":0},"code":200,"msg":"æ“ä½œæˆåŠŸ"}
2014-10-23: [0mGET /friends/request/list?applyName=4&msg=Thu+Oct+23+2014+15%3A56%3A00+GMT%2B0800+(%E4%B8%AD%E5%9B%BD%E6%A0%87%E5%87%86%E6%97%B6%E9%97%B4) [32m200 [0m5.991 ms - 116[0m
2014-10-23: [32m[2014-10-23 15:56:00.184] [INFO] console - [39m{"page":{"pageNo":1,"pageEntries":20,"content":[],"totalElements":0,"totalPages":0},"code":200,"msg":"æ“ä½œæˆåŠŸ"}
2014-10-23: [0mGET /friends/request/list?applyName=5&msg=Thu+Oct+23+2014+15%3A56%3A00+GMT%2B0800+(%E4%B8%AD%E5%9B%BD%E6%A0%87%E5%87%86%E6%97%B6%E9%97%B4) [32m200 [0m7.025 ms - 116[0m
2014-10-23: [32m[2014-10-23 15:56:00.300] [INFO] console - [39m{"page":{"pageNo":1,"pageEntries":20,"content":[],"totalElements":0,"totalPages":0},"code":200,"msg":"æ“ä½œæˆåŠŸ"}
2014-10-23: [0mGET /friends/request/list?applyName=6&msg=Thu+Oct+23+2014+15%3A56%3A00+GMT%2B0800+(%E4%B8%AD%E5%9B%BD%E6%A0%87%E5%87%86%E6%97%B6%E9%97%B4) [32m200 [0m4.366 ms - 116[0m
2014-10-23: [32m[2014-10-23 15:56:00.376] [INFO] console - [39m{"page":{"pageNo":1,"pageEntries":20,"content":[],"totalElements":0,"totalPages":0},"code":200,"msg":"æ“ä½œæˆåŠŸ"}
2014-10-23: [0mGET /friends/request/list?applyName=7&msg=Thu+Oct+23+2014+15%3A56%3A00+GMT%2B0800+(%E4%B8%AD%E5%9B%BD%E6%A0%87%E5%87%86%E6%97%B6%E9%97%B4) [32m200 [0m2.938 ms - 116[0m
2014-10-23: [32m[2014-10-23 15:56:00.447] [INFO] console - [39m{"page":{"pageNo":1,"pageEntries":20,"content":[],"totalElements":0,"totalPages":0},"code":200,"msg":"æ“ä½œæˆåŠŸ"}
2014-10-23: [0mGET /friends/request/list?applyName=8&msg=Thu+Oct+23+2014+15%3A56%3A00+GMT%2B0800+(%E4%B8%AD%E5%9B%BD%E6%A0%87%E5%87%86%E6%97%B6%E9%97%B4) [32m200 [0m5.274 ms - 116[0m
2014-10-23: [32m[2014-10-23 15:56:00.512] [INFO] console - [39m{"page":{"pageNo":1,"pageEntries":20,"content":[],"totalElements":0,"totalPages":0},"code":200,"msg":"æ“ä½œæˆåŠŸ"}
2014-10-23: [0mGET /friends/request/list?applyName=9&msg=Thu+Oct+23+2014+15%3A56%3A00+GMT%2B0800+(%E4%B8%AD%E5%9B%BD%E6%A0%87%E5%87%86%E6%97%B6%E9%97%B4) [32m200 [0m4.577 ms - 116[0m
2014-10-23: [0mGET /test/test [32m200 [0m3.079 ms - 3186[0m
2014-10-23: [0mGET /javascripts/jquery.js [36m304 [0m2.320 ms - -[0m
2014-10-23: [0mGET /javascripts/test.js [36m304 [0m4.660 ms - -[0m
2014-10-23: [0mGET /favicon.ico [36m304 [0m2.328 ms - -[0m
2014-10-23: [0mGET /test/test [36m304 [0m1.917 ms - -[0m
2014-10-23: [0mGET /javascripts/jquery.js [36m304 [0m4.966 ms - -[0m
2014-10-23: [0mGET /javascripts/sha256.js [36m304 [0m7.400 ms - -[0m
2014-10-23: [0mGET /favicon.ico [36m304 [0m9.120 ms - -[0m
2014-10-23: [0mGET /test/test [36m304 [0m2.310 ms - -[0m
2014-10-23: [0mGET /javascripts/jquery.js [36m304 [0m2.848 ms - -[0m
2014-10-23: [0mGET /javascripts/test.js [36m304 [0m18.242 ms - -[0m
2014-10-23: [0mGET /favicon.ico [36m304 [0m2.241 ms - -[0m
2014-10-23: [0mGET /test/test [36m304 [0m3.336 ms - -[0m
2014-10-23: [0mGET /javascripts/jquery.js [36m304 [0m4.113 ms - -[0m
2014-10-23: [0mGET /javascripts/test.js [36m304 [0m4.485 ms - -[0m
2014-10-23: [0mGET /favicon.ico [36m304 [0m3.396 ms - -[0m
2014-10-23: [32m[2014-10-23 15:57:09.414] [INFO] console - [39m{"page":{"pageNo":1,"pageEntries":20,"content":[],"totalElements":0,"totalPages":0},"code":200,"msg":"æ“ä½œæˆåŠŸ"}
2014-10-23: [0mGET /friends/request/list?applyName=0&msg=Thu+Oct+23+2014+15%3A57%3A09+GMT%2B0800+(%E4%B8%AD%E5%9B%BD%E6%A0%87%E5%87%86%E6%97%B6%E9%97%B4) [32m200 [0m5.462 ms - 116[0m
2014-10-23: [32m[2014-10-23 15:57:10.106] [INFO] console - [39m{"page":{"pageNo":1,"pageEntries":20,"content":[],"totalElements":0,"totalPages":0},"code":200,"msg":"æ“ä½œæˆåŠŸ"}
2014-10-23: [0mGET /friends/request/list?applyName=0&msg=Thu+Oct+23+2014+15%3A57%3A10+GMT%2B0800+(%E4%B8%AD%E5%9B%BD%E6%A0%87%E5%87%86%E6%97%B6%E9%97%B4) [32m200 [0m4.655 ms - 116[0m
2014-10-23: [32m[2014-10-23 15:57:10.464] [INFO] console - [39m{"page":{"pageNo":1,"pageEntries":20,"content":[],"totalElements":0,"totalPages":0},"code":200,"msg":"æ“ä½œæˆåŠŸ"}
2014-10-23: [0mGET /friends/request/list?applyName=0&msg=Thu+Oct+23+2014+15%3A57%3A10+GMT%2B0800+(%E4%B8%AD%E5%9B%BD%E6%A0%87%E5%87%86%E6%97%B6%E9%97%B4) [36m304 [0m3.776 ms - -[0m
2014-10-23: [32m[2014-10-23 15:57:10.657] [INFO] console - [39m{"page":{"pageNo":1,"pageEntries":20,"content":[],"totalElements":0,"totalPages":0},"code":200,"msg":"æ“ä½œæˆåŠŸ"}
2014-10-23: [0mGET /friends/request/list?applyName=0&msg=Thu+Oct+23+2014+15%3A57%3A10+GMT%2B0800+(%E4%B8%AD%E5%9B%BD%E6%A0%87%E5%87%86%E6%97%B6%E9%97%B4) [36m304 [0m3.919 ms - -[0m
